SF:lib\controleurs\utilisateur_controleur.dart
DA:11,0
DA:12,0
DA:14,0
DA:17,0
DA:19,0
DA:20,0
DA:22,0
DA:24,0
DA:27,0
DA:30,0
DA:32,0
LF:11
LH:0
end_of_record
SF:lib\models\role.dart
DA:8,0
DA:10,0
DA:11,0
DA:12,0
DA:13,0
DA:14,0
DA:18,0
DA:19,0
DA:20,0
DA:21,0
DA:23,0
DA:25,0
LF:12
LH:0
end_of_record
SF:lib\models\utilisateur.dart
DA:9,1
DA:11,0
DA:12,0
DA:13,0
DA:14,0
DA:18,0
DA:19,0
DA:20,0
DA:23,0
DA:25,0
LF:10
LH:1
end_of_record
SF:lib\providers\utilisateur_provider.dart
DA:16,0
DA:18,2
DA:19,0
DA:20,0
DA:21,0
DA:22,0
DA:24,0
DA:25,0
DA:28,1
DA:29,1
DA:30,1
DA:31,1
DA:34,1
DA:35,1
DA:36,1
DA:38,1
DA:41,3
DA:43,2
DA:44,2
DA:45,2
DA:48,1
DA:49,1
DA:50,1
DA:52,1
DA:53,0
DA:54,0
DA:56,0
DA:57,0
DA:59,0
DA:63,0
DA:64,0
DA:66,0
DA:67,0
DA:69,0
LF:34
LH:17
end_of_record
SF:lib\controleurs\role_controleur.dart
DA:6,1
DA:8,0
DA:9,0
DA:11,0
DA:14,0
DA:16,0
LF:6
LH:1
end_of_record
SF:lib\database\database.dart
DA:5,0
DA:7,0
DA:8,0
DA:11,0
DA:15,0
DA:16,0
DA:17,0
DA:18,0
DA:19,0
DA:20,0
DA:21,0
DA:23,0
DA:24,0
DA:25,0
DA:31,0
DA:55,0
LF:16
LH:0
end_of_record
